mode: set
feedpulse/internal/errors/errors.go:16.38,17.37 1 1
feedpulse/internal/errors/errors.go:17.37,19.3 1 1
feedpulse/internal/errors/errors.go:20.2,20.19 1 1
feedpulse/internal/errors/errors.go:20.19,22.3 1 1
feedpulse/internal/errors/errors.go:23.2,23.51 1 1
feedpulse/internal/errors/errors.go:27.83,33.2 1 1
feedpulse/internal/errors/errors.go:43.39,44.20 1 1
feedpulse/internal/errors/errors.go:44.20,46.3 1 1
feedpulse/internal/errors/errors.go:47.2,47.76 1 1
feedpulse/internal/errors/errors.go:50.39,52.2 1 1
feedpulse/internal/errors/errors.go:55.74,62.2 1 1
feedpulse/internal/errors/errors.go:73.37,74.16 1 1
feedpulse/internal/errors/errors.go:74.16,76.3 1 1
feedpulse/internal/errors/errors.go:77.2,77.20 1 1
feedpulse/internal/errors/errors.go:77.20,79.3 1 1
feedpulse/internal/errors/errors.go:80.2,80.83 1 1
feedpulse/internal/errors/errors.go:83.37,85.2 1 1
feedpulse/internal/errors/errors.go:88.79,95.2 1 1
feedpulse/internal/errors/errors.go:104.39,105.20 1 1
feedpulse/internal/errors/errors.go:105.20,107.3 1 1
feedpulse/internal/errors/errors.go:108.2,108.63 1 1
feedpulse/internal/errors/errors.go:111.39,113.2 1 1
feedpulse/internal/errors/errors.go:116.69,122.2 1 1
feedpulse/internal/errors/errors.go:132.42,133.20 1 1
feedpulse/internal/errors/errors.go:133.20,135.3 1 1
feedpulse/internal/errors/errors.go:136.2,136.86 1 1
feedpulse/internal/errors/errors.go:140.97,147.2 1 1
feedpulse/internal/config/config.go:36.47,38.49 1 1
feedpulse/internal/config/config.go:38.49,40.3 1 1
feedpulse/internal/config/config.go:43.2,44.16 2 1
feedpulse/internal/config/config.go:44.16,46.3 1 0
feedpulse/internal/config/config.go:49.2,50.51 2 1
feedpulse/internal/config/config.go:50.51,52.3 1 1
feedpulse/internal/config/config.go:55.2,55.38 1 1
feedpulse/internal/config/config.go:55.38,57.3 1 1
feedpulse/internal/config/config.go:58.2,58.42 1 1
feedpulse/internal/config/config.go:58.42,60.3 1 1
feedpulse/internal/config/config.go:61.2,61.32 1 1
feedpulse/internal/config/config.go:61.32,63.3 1 1
feedpulse/internal/config/config.go:64.2,64.40 1 1
feedpulse/internal/config/config.go:64.40,66.3 1 1
feedpulse/internal/config/config.go:67.2,67.37 1 1
feedpulse/internal/config/config.go:67.37,69.3 1 1
feedpulse/internal/config/config.go:72.2,72.39 1 1
feedpulse/internal/config/config.go:72.39,74.3 1 1
feedpulse/internal/config/config.go:76.2,76.18 1 1
feedpulse/internal/config/config.go:80.35,82.69 1 1
feedpulse/internal/config/config.go:82.69,84.3 1 1
feedpulse/internal/config/config.go:85.2,85.39 1 1
feedpulse/internal/config/config.go:85.39,87.3 1 1
feedpulse/internal/config/config.go:88.2,88.29 1 1
feedpulse/internal/config/config.go:88.29,90.3 1 1
feedpulse/internal/config/config.go:91.2,91.37 1 1
feedpulse/internal/config/config.go:91.37,93.3 1 1
feedpulse/internal/config/config.go:96.2,96.23 1 1
feedpulse/internal/config/config.go:96.23,98.3 1 1
feedpulse/internal/config/config.go:100.2,100.31 1 1
feedpulse/internal/config/config.go:100.31,101.41 1 1
feedpulse/internal/config/config.go:101.41,103.4 1 1
feedpulse/internal/config/config.go:106.2,106.12 1 1
feedpulse/internal/config/config.go:110.33,112.18 1 1
feedpulse/internal/config/config.go:112.18,114.3 1 1
feedpulse/internal/config/config.go:117.2,117.17 1 1
feedpulse/internal/config/config.go:117.17,119.3 1 1
feedpulse/internal/config/config.go:121.2,122.79 2 1
feedpulse/internal/config/config.go:122.79,124.3 1 1
feedpulse/internal/config/config.go:127.2,127.22 1 1
feedpulse/internal/config/config.go:127.22,129.3 1 1
feedpulse/internal/config/config.go:132.2,133.29 2 1
feedpulse/internal/config/config.go:133.29,135.3 1 1
feedpulse/internal/config/config.go:138.2,138.31 1 1
feedpulse/internal/config/config.go:138.31,140.3 1 1
feedpulse/internal/config/config.go:143.2,143.32 1 1
feedpulse/internal/config/config.go:143.32,145.3 1 1
feedpulse/internal/config/config.go:147.2,147.12 1 1
feedpulse/internal/config/validator.go:13.39,14.18 1 1
feedpulse/internal/config/validator.go:14.18,16.3 1 1
feedpulse/internal/config/validator.go:18.2,19.16 2 1
feedpulse/internal/config/validator.go:19.16,21.3 1 1
feedpulse/internal/config/validator.go:23.2,23.63 1 1
feedpulse/internal/config/validator.go:23.63,26.3 1 1
feedpulse/internal/config/validator.go:28.2,28.26 1 1
feedpulse/internal/config/validator.go:28.26,30.3 1 1
feedpulse/internal/config/validator.go:32.2,32.12 1 1
feedpulse/internal/config/validator.go:36.41,37.18 1 1
feedpulse/internal/config/validator.go:37.18,40.3 1 1
feedpulse/internal/config/validator.go:42.2,42.20 1 1
feedpulse/internal/config/validator.go:42.20,45.3 1 1
feedpulse/internal/config/validator.go:47.2,47.12 1 1
feedpulse/internal/config/validator.go:51.52,52.24 1 1
feedpulse/internal/config/validator.go:52.24,55.3 1 1
feedpulse/internal/config/validator.go:57.2,57.25 1 1
feedpulse/internal/config/validator.go:57.25,60.3 1 1
feedpulse/internal/config/validator.go:62.2,62.12 1 1
feedpulse/internal/config/validator.go:66.42,67.16 1 1
feedpulse/internal/config/validator.go:67.16,69.3 1 1
feedpulse/internal/config/validator.go:71.2,71.21 1 1
feedpulse/internal/config/validator.go:71.21,74.3 1 1
feedpulse/internal/config/validator.go:77.2,77.25 1 1
feedpulse/internal/config/validator.go:77.25,78.25 1 1
feedpulse/internal/config/validator.go:78.25,81.4 1 1
feedpulse/internal/config/validator.go:84.2,84.12 1 1
feedpulse/internal/config/validator.go:88.46,89.20 1 1
feedpulse/internal/config/validator.go:89.20,91.3 1 1
feedpulse/internal/config/validator.go:93.2,94.39 2 1
feedpulse/internal/config/validator.go:94.39,95.28 1 1
feedpulse/internal/config/validator.go:95.28,97.4 1 1
feedpulse/internal/config/validator.go:100.2,101.98 1 1
feedpulse/internal/config/validator.go:105.50,106.18 1 1
feedpulse/internal/config/validator.go:106.18,109.3 1 1
feedpulse/internal/config/validator.go:111.2,111.35 1 1
feedpulse/internal/config/validator.go:111.35,114.3 1 1
feedpulse/internal/config/validator.go:116.2,116.22 1 1
feedpulse/internal/config/validator.go:116.22,119.3 1 1
feedpulse/internal/config/validator.go:121.2,121.12 1 1
feedpulse/internal/config/validator.go:125.43,126.18 1 1
feedpulse/internal/config/validator.go:126.18,129.3 1 1
feedpulse/internal/config/validator.go:131.2,131.19 1 1
feedpulse/internal/config/validator.go:131.19,134.3 1 1
feedpulse/internal/config/validator.go:136.2,136.12 1 1
feedpulse/internal/config/validator.go:140.44,141.17 1 1
feedpulse/internal/config/validator.go:141.17,144.3 1 1
feedpulse/internal/config/validator.go:146.2,146.21 1 1
feedpulse/internal/config/validator.go:146.21,149.3 1 1
feedpulse/internal/config/validator.go:151.2,151.12 1 1
feedpulse/internal/config/validator.go:155.46,156.16 1 1
feedpulse/internal/config/validator.go:156.16,158.3 1 1
feedpulse/internal/config/validator.go:160.2,160.22 1 1
feedpulse/internal/config/validator.go:160.22,163.3 1 1
feedpulse/internal/config/validator.go:166.2,167.36 2 1
feedpulse/internal/config/validator.go:167.36,168.35 1 1
feedpulse/internal/config/validator.go:168.35,171.4 1 1
feedpulse/internal/config/validator.go:174.2,174.12 1 1
feedpulse/internal/config/validator.go:178.43,179.52 1 1
feedpulse/internal/config/validator.go:179.52,181.3 1 1
feedpulse/internal/config/validator.go:183.2,183.46 1 1
feedpulse/internal/config/validator.go:183.46,185.3 1 1
feedpulse/internal/config/validator.go:187.2,187.56 1 1
feedpulse/internal/config/validator.go:187.56,189.3 1 1
feedpulse/internal/config/validator.go:191.2,191.35 1 1
feedpulse/internal/config/validator.go:191.35,192.75 1 1
feedpulse/internal/config/validator.go:192.75,194.4 1 1
feedpulse/internal/config/validator.go:197.2,197.12 1 1
feedpulse/internal/config/validator.go:201.49,202.69 1 1
feedpulse/internal/config/validator.go:202.69,204.3 1 1
feedpulse/internal/config/validator.go:206.2,206.69 1 1
feedpulse/internal/config/validator.go:206.69,208.3 1 1
feedpulse/internal/config/validator.go:210.2,210.60 1 1
feedpulse/internal/config/validator.go:210.60,212.3 1 1
feedpulse/internal/config/validator.go:214.2,214.70 1 1
feedpulse/internal/config/validator.go:214.70,216.3 1 1
feedpulse/internal/config/validator.go:218.2,218.68 1 1
feedpulse/internal/config/validator.go:218.68,220.3 1 1
feedpulse/internal/config/validator.go:222.2,222.12 1 1
feedpulse/internal/storage/storage.go:50.50,52.16 2 1
feedpulse/internal/storage/storage.go:52.16,54.3 1 0
feedpulse/internal/storage/storage.go:57.2,57.34 1 1
feedpulse/internal/storage/storage.go:57.34,59.3 1 0
feedpulse/internal/storage/storage.go:62.2,62.62 1 1
feedpulse/internal/storage/storage.go:62.62,64.3 1 0
feedpulse/internal/storage/storage.go:67.2,67.63 1 1
feedpulse/internal/storage/storage.go:67.63,69.3 1 0
feedpulse/internal/storage/storage.go:71.2,74.39 2 1
feedpulse/internal/storage/storage.go:74.39,76.3 1 0
feedpulse/internal/storage/storage.go:78.2,78.15 1 1
feedpulse/internal/storage/storage.go:82.33,84.2 1 1
feedpulse/internal/storage/storage.go:87.38,116.16 3 1
feedpulse/internal/storage/storage.go:116.16,118.3 1 0
feedpulse/internal/storage/storage.go:120.2,120.12 1 1
feedpulse/internal/storage/storage.go:124.53,125.21 1 1
feedpulse/internal/storage/storage.go:125.21,127.3 1 1
feedpulse/internal/storage/storage.go:129.2,130.16 2 1
feedpulse/internal/storage/storage.go:130.16,132.3 1 0
feedpulse/internal/storage/storage.go:133.2,145.16 3 1
feedpulse/internal/storage/storage.go:145.16,147.3 1 0
feedpulse/internal/storage/storage.go:148.2,150.29 2 1
feedpulse/internal/storage/storage.go:150.29,153.25 2 1
feedpulse/internal/storage/storage.go:153.25,155.18 2 1
feedpulse/internal/storage/storage.go:155.18,157.5 1 0
feedpulse/internal/storage/storage.go:158.4,159.23 2 1
feedpulse/internal/storage/storage.go:162.3,172.17 2 1
feedpulse/internal/storage/storage.go:172.17,174.4 1 0
feedpulse/internal/storage/storage.go:177.2,177.36 1 1
feedpulse/internal/storage/storage.go:177.36,179.3 1 0
feedpulse/internal/storage/storage.go:181.2,181.12 1 1
feedpulse/internal/storage/storage.go:185.48,197.16 2 1
feedpulse/internal/storage/storage.go:197.16,199.3 1 0
feedpulse/internal/storage/storage.go:201.2,201.12 1 1
feedpulse/internal/storage/storage.go:205.60,208.16 3 1
feedpulse/internal/storage/storage.go:208.16,210.3 1 0
feedpulse/internal/storage/storage.go:211.2,211.19 1 1
feedpulse/internal/storage/storage.go:215.51,218.16 3 1
feedpulse/internal/storage/storage.go:218.16,220.3 1 0
feedpulse/internal/storage/storage.go:221.2,221.19 1 1
feedpulse/internal/storage/storage.go:225.57,258.16 3 1
feedpulse/internal/storage/storage.go:258.16,260.3 1 0
feedpulse/internal/storage/storage.go:261.2,264.18 3 1
feedpulse/internal/storage/storage.go:264.18,275.17 4 1
feedpulse/internal/storage/storage.go:275.17,277.4 1 0
feedpulse/internal/storage/storage.go:279.3,279.25 1 1
feedpulse/internal/storage/storage.go:279.25,281.4 1 1
feedpulse/internal/storage/storage.go:283.3,283.30 1 1
feedpulse/internal/storage/storage.go:286.2,286.35 1 1
feedpulse/internal/storage/storage.go:286.35,288.3 1 0
feedpulse/internal/storage/storage.go:290.2,290.19 1 1
feedpulse/cmd/feedpulse/main.go:10.13,12.42 2 0
feedpulse/cmd/feedpulse/main.go:12.42,15.3 2 0
feedpulse/internal/parser/parser.go:25.26,27.2 1 1
feedpulse/internal/parser/parser.go:30.81,33.18 2 1
feedpulse/internal/parser/parser.go:34.14,35.37 1 1
feedpulse/internal/parser/parser.go:36.13,37.87 1 1
feedpulse/internal/parser/parser.go:38.14,39.88 1 0
feedpulse/internal/parser/parser.go:40.10,41.88 1 1
feedpulse/internal/parser/parser.go:44.2,44.15 1 1
feedpulse/internal/parser/parser.go:48.68,53.55 3 1
feedpulse/internal/parser/parser.go:53.55,56.3 2 1
feedpulse/internal/parser/parser.go:59.2,59.29 1 1
feedpulse/internal/parser/parser.go:60.21,62.17 1 1
feedpulse/internal/parser/parser.go:62.17,63.35 1 1
feedpulse/internal/parser/parser.go:63.35,66.5 1 1
feedpulse/internal/parser/parser.go:66.10,66.57 1 1
feedpulse/internal/parser/parser.go:66.57,69.5 1 1
feedpulse/internal/parser/parser.go:71.30,73.50 1 1
feedpulse/internal/parser/parser.go:73.50,76.4 1 1
feedpulse/internal/parser/parser.go:76.9,76.64 1 1
feedpulse/internal/parser/parser.go:76.64,78.60 1 1
feedpulse/internal/parser/parser.go:78.60,80.5 1 1
feedpulse/internal/parser/parser.go:84.2,84.55 1 1
feedpulse/internal/parser/parser.go:84.55,86.3 1 1
feedpulse/internal/parser/parser.go:88.2,88.15 1 1
feedpulse/internal/parser/parser.go:92.82,95.29 2 1
feedpulse/internal/parser/parser.go:95.29,97.10 2 1
feedpulse/internal/parser/parser.go:97.10,99.12 2 1
feedpulse/internal/parser/parser.go:102.3,114.48 5 1
feedpulse/internal/parser/parser.go:117.2,117.15 1 1
feedpulse/internal/parser/parser.go:121.78,124.29 2 1
feedpulse/internal/parser/parser.go:124.29,126.10 2 1
feedpulse/internal/parser/parser.go:126.10,128.12 2 0
feedpulse/internal/parser/parser.go:132.3,135.25 3 1
feedpulse/internal/parser/parser.go:135.25,137.12 2 1
feedpulse/internal/parser/parser.go:140.3,149.58 2 1
feedpulse/internal/parser/parser.go:149.58,151.4 1 1
feedpulse/internal/parser/parser.go:154.3,154.54 1 1
feedpulse/internal/parser/parser.go:154.54,155.33 1 1
feedpulse/internal/parser/parser.go:155.33,156.43 1 1
feedpulse/internal/parser/parser.go:156.43,158.6 1 1
feedpulse/internal/parser/parser.go:162.3,162.48 1 1
feedpulse/internal/parser/parser.go:165.2,165.15 1 1
feedpulse/internal/parser/parser.go:169.81,172.33 2 1
feedpulse/internal/parser/parser.go:172.33,174.10 2 1
feedpulse/internal/parser/parser.go:174.10,176.12 2 0
feedpulse/internal/parser/parser.go:179.3,180.10 2 1
feedpulse/internal/parser/parser.go:180.10,182.12 2 0
feedpulse/internal/parser/parser.go:186.3,189.25 3 1
feedpulse/internal/parser/parser.go:189.25,191.12 2 0
feedpulse/internal/parser/parser.go:194.3,203.58 2 1
feedpulse/internal/parser/parser.go:203.58,206.4 2 1
feedpulse/internal/parser/parser.go:209.3,209.75 1 1
feedpulse/internal/parser/parser.go:209.75,211.4 1 1
feedpulse/internal/parser/parser.go:213.3,213.48 1 1
feedpulse/internal/parser/parser.go:216.2,216.15 1 1
feedpulse/internal/parser/parser.go:220.80,223.29 2 1
feedpulse/internal/parser/parser.go:223.29,225.10 2 1
feedpulse/internal/parser/parser.go:225.10,227.12 2 0
feedpulse/internal/parser/parser.go:231.3,235.13 3 1
feedpulse/internal/parser/parser.go:235.13,237.4 1 1
feedpulse/internal/parser/parser.go:239.3,239.25 1 1
feedpulse/internal/parser/parser.go:239.25,241.12 2 0
feedpulse/internal/parser/parser.go:244.3,253.58 2 1
feedpulse/internal/parser/parser.go:253.58,255.4 1 1
feedpulse/internal/parser/parser.go:258.3,258.50 1 1
feedpulse/internal/parser/parser.go:258.50,259.29 1 1
feedpulse/internal/parser/parser.go:259.29,260.39 1 1
feedpulse/internal/parser/parser.go:260.39,262.6 1 1
feedpulse/internal/parser/parser.go:266.3,266.48 1 1
feedpulse/internal/parser/parser.go:269.2,269.15 1 1
feedpulse/internal/parser/parser.go:274.83,276.9 2 1
feedpulse/internal/parser/parser.go:276.9,278.3 1 1
feedpulse/internal/parser/parser.go:280.2,280.25 1 1
feedpulse/internal/parser/parser.go:281.14,282.17 1 1
feedpulse/internal/parser/parser.go:283.15,284.51 1 1
feedpulse/internal/parser/parser.go:285.11,286.31 1 0
feedpulse/internal/parser/parser.go:287.12,288.37 1 1
feedpulse/internal/parser/parser.go:289.10,291.48 1 1
feedpulse/internal/parser/parser.go:291.48,293.4 1 1
feedpulse/internal/parser/parser.go:294.3,295.19 2 0
feedpulse/internal/parser/parser.go:300.56,303.2 2 1
feedpulse/internal/parser/rss.go:41.67,49.2 3 0
feedpulse/internal/parser/rss.go:86.68,94.2 3 0
feedpulse/internal/fetcher/fetcher.go:37.46,45.2 1 0
feedpulse/internal/fetcher/fetcher.go:48.63,55.38 4 0
feedpulse/internal/fetcher/fetcher.go:55.38,57.40 2 0
feedpulse/internal/fetcher/fetcher.go:57.40,61.11 2 0
feedpulse/internal/fetcher/fetcher.go:62.27,63.18 1 0
feedpulse/internal/fetcher/fetcher.go:63.18,63.27 1 0
feedpulse/internal/fetcher/fetcher.go:64.22,70.11 2 0
feedpulse/internal/fetcher/fetcher.go:74.4,74.43 1 0
feedpulse/internal/fetcher/fetcher.go:78.2,79.16 2 0
feedpulse/internal/fetcher/fetcher.go:83.80,87.69 3 0
feedpulse/internal/fetcher/fetcher.go:87.69,88.18 1 0
feedpulse/internal/fetcher/fetcher.go:88.18,91.11 2 0
feedpulse/internal/fetcher/fetcher.go:92.29,92.29 0 0
feedpulse/internal/fetcher/fetcher.go:93.22,99.6 1 0
feedpulse/internal/fetcher/fetcher.go:104.3,105.17 2 0
feedpulse/internal/fetcher/fetcher.go:105.17,108.26 2 0
feedpulse/internal/fetcher/fetcher.go:108.26,109.10 1 0
feedpulse/internal/fetcher/fetcher.go:111.4,111.12 1 0
feedpulse/internal/fetcher/fetcher.go:115.3,118.34 2 0
feedpulse/internal/fetcher/fetcher.go:118.34,119.48 1 0
feedpulse/internal/fetcher/fetcher.go:119.48,121.5 1 0
feedpulse/internal/fetcher/fetcher.go:124.3,131.4 2 0
feedpulse/internal/fetcher/fetcher.go:135.2,137.20 3 0
feedpulse/internal/fetcher/fetcher.go:137.20,139.3 1 0
feedpulse/internal/fetcher/fetcher.go:141.2,146.3 1 0
feedpulse/internal/fetcher/fetcher.go:150.83,152.16 2 0
feedpulse/internal/fetcher/fetcher.go:152.16,154.3 1 0
feedpulse/internal/fetcher/fetcher.go:157.2,157.39 1 0
feedpulse/internal/fetcher/fetcher.go:157.39,159.3 1 0
feedpulse/internal/fetcher/fetcher.go:162.2,162.40 1 0
feedpulse/internal/fetcher/fetcher.go:162.40,164.3 1 0
feedpulse/internal/fetcher/fetcher.go:166.2,167.16 2 0
feedpulse/internal/fetcher/fetcher.go:167.16,169.3 1 0
feedpulse/internal/fetcher/fetcher.go:170.2,173.53 2 0
feedpulse/internal/fetcher/fetcher.go:173.53,178.3 1 0
feedpulse/internal/fetcher/fetcher.go:181.2,182.16 2 0
feedpulse/internal/fetcher/fetcher.go:182.16,184.3 1 0
feedpulse/internal/fetcher/fetcher.go:186.2,186.18 1 0
feedpulse/internal/fetcher/fetcher.go:190.63,199.2 5 0
feedpulse/internal/fetcher/fetcher.go:207.36,209.2 1 0
feedpulse/internal/fetcher/fetcher.go:212.36,213.41 1 0
feedpulse/internal/fetcher/fetcher.go:213.41,215.3 1 0
feedpulse/internal/fetcher/fetcher.go:216.2,216.14 1 0
feedpulse/internal/cli/commands.go:27.34,42.2 6 0
feedpulse/internal/cli/commands.go:45.35,49.55 1 0
feedpulse/internal/cli/commands.go:49.55,51.4 1 0
feedpulse/internal/cli/commands.go:56.36,64.55 4 0
feedpulse/internal/cli/commands.go:64.55,66.4 1 0
feedpulse/internal/cli/commands.go:69.2,73.12 4 0
feedpulse/internal/cli/commands.go:77.37,81.55 1 0
feedpulse/internal/cli/commands.go:81.55,83.4 1 0
feedpulse/internal/cli/commands.go:88.23,91.16 2 0
feedpulse/internal/cli/commands.go:91.16,94.3 2 0
feedpulse/internal/cli/commands.go:97.2,98.16 2 0
feedpulse/internal/cli/commands.go:98.16,101.3 2 0
feedpulse/internal/cli/commands.go:102.2,111.12 6 0
feedpulse/internal/cli/commands.go:111.12,115.3 3 0
feedpulse/internal/cli/commands.go:118.2,129.33 8 0
feedpulse/internal/cli/commands.go:129.33,130.21 1 0
feedpulse/internal/cli/commands.go:130.21,136.18 4 0
feedpulse/internal/cli/commands.go:136.18,138.5 1 0
feedpulse/internal/cli/commands.go:141.4,141.29 1 0
feedpulse/internal/cli/commands.go:141.29,142.57 1 0
feedpulse/internal/cli/commands.go:142.57,144.6 1 0
feedpulse/internal/cli/commands.go:144.11,149.6 3 0
feedpulse/internal/cli/commands.go:153.4,159.19 1 0
feedpulse/internal/cli/commands.go:159.19,161.5 1 0
feedpulse/internal/cli/commands.go:163.4,163.131 1 0
feedpulse/internal/cli/commands.go:164.9,174.19 2 0
feedpulse/internal/cli/commands.go:174.19,176.5 1 0
feedpulse/internal/cli/commands.go:178.4,178.74 1 0
feedpulse/internal/cli/commands.go:182.2,183.20 2 0
feedpulse/internal/cli/commands.go:183.20,185.3 1 0
feedpulse/internal/cli/commands.go:186.2,188.12 2 0
feedpulse/internal/cli/commands.go:192.56,195.16 2 0
feedpulse/internal/cli/commands.go:195.16,198.3 2 0
feedpulse/internal/cli/commands.go:201.2,202.16 2 0
feedpulse/internal/cli/commands.go:202.16,205.3 2 0
feedpulse/internal/cli/commands.go:206.2,210.16 3 0
feedpulse/internal/cli/commands.go:210.16,213.3 2 0
feedpulse/internal/cli/commands.go:216.2,216.22 1 0
feedpulse/internal/cli/commands.go:216.22,218.30 2 0
feedpulse/internal/cli/commands.go:218.30,219.33 1 0
feedpulse/internal/cli/commands.go:219.33,221.5 1 0
feedpulse/internal/cli/commands.go:223.3,223.19 1 0
feedpulse/internal/cli/commands.go:227.2,228.16 2 0
feedpulse/internal/cli/commands.go:228.16,230.3 1 0
feedpulse/internal/cli/commands.go:233.2,233.16 1 0
feedpulse/internal/cli/commands.go:234.14,235.39 1 0
feedpulse/internal/cli/commands.go:236.13,237.26 1 0
feedpulse/internal/cli/commands.go:238.15,239.40 1 0
feedpulse/internal/cli/commands.go:240.10,241.50 1 0
feedpulse/internal/cli/commands.go:246.25,249.16 2 0
feedpulse/internal/cli/commands.go:249.16,252.3 2 0
feedpulse/internal/cli/commands.go:255.2,256.16 2 0
feedpulse/internal/cli/commands.go:256.16,259.3 2 0
feedpulse/internal/cli/commands.go:260.2,264.16 3 0
feedpulse/internal/cli/commands.go:264.16,267.3 2 0
feedpulse/internal/cli/commands.go:270.2,271.29 2 0
feedpulse/internal/cli/commands.go:271.29,273.3 1 0
feedpulse/internal/cli/commands.go:276.2,279.33 3 0
feedpulse/internal/cli/commands.go:279.33,281.42 2 0
feedpulse/internal/cli/commands.go:281.42,282.31 1 0
feedpulse/internal/cli/commands.go:282.31,284.5 1 0
feedpulse/internal/cli/commands.go:284.10,286.5 1 0
feedpulse/internal/cli/commands.go:289.3,289.59 1 0
feedpulse/internal/cli/commands.go:292.2,293.12 2 0
feedpulse/internal/cli/commands.go:297.68,301.29 3 0
feedpulse/internal/cli/commands.go:301.29,303.28 2 0
feedpulse/internal/cli/commands.go:303.28,306.4 2 0
feedpulse/internal/cli/commands.go:308.3,309.30 2 0
feedpulse/internal/cli/commands.go:309.30,311.73 1 0
feedpulse/internal/cli/commands.go:311.73,313.5 1 0
feedpulse/internal/cli/commands.go:313.10,315.5 1 0
feedpulse/internal/cli/commands.go:318.3,324.4 1 0
feedpulse/internal/cli/commands.go:327.2,329.12 3 0
feedpulse/internal/cli/commands.go:333.67,342.2 4 0
feedpulse/internal/cli/commands.go:345.50,350.106 3 0
feedpulse/internal/cli/commands.go:350.106,352.3 1 0
feedpulse/internal/cli/commands.go:355.2,355.29 1 0
feedpulse/internal/cli/commands.go:355.29,357.28 2 0
feedpulse/internal/cli/commands.go:357.28,359.4 1 0
feedpulse/internal/cli/commands.go:361.3,362.30 2 0
feedpulse/internal/cli/commands.go:362.30,364.4 1 0
feedpulse/internal/cli/commands.go:366.3,372.18 1 0
feedpulse/internal/cli/commands.go:372.18,374.4 1 0
feedpulse/internal/cli/commands.go:377.2,377.12 1 0
feedpulse/internal/testutil/testutil.go:21.47,28.16 5 0
feedpulse/internal/testutil/testutil.go:28.16,30.3 1 0
feedpulse/internal/testutil/testutil.go:32.2,32.11 1 0
feedpulse/internal/testutil/testutil.go:37.77,40.93 2 0
feedpulse/internal/testutil/testutil.go:40.93,44.3 3 0
feedpulse/internal/testutil/testutil.go:46.2,46.19 1 0
feedpulse/internal/testutil/testutil.go:46.19,48.3 1 0
feedpulse/internal/testutil/testutil.go:50.2,50.15 1 0
feedpulse/internal/testutil/testutil.go:54.115,57.93 2 0
feedpulse/internal/testutil/testutil.go:57.93,58.35 1 0
feedpulse/internal/testutil/testutil.go:58.35,60.4 1 0
feedpulse/internal/testutil/testutil.go:61.3,62.22 2 0
feedpulse/internal/testutil/testutil.go:65.2,65.19 1 0
feedpulse/internal/testutil/testutil.go:65.19,67.3 1 0
feedpulse/internal/testutil/testutil.go:69.2,69.15 1 0
feedpulse/internal/testutil/testutil.go:73.78,77.19 3 0
feedpulse/internal/testutil/testutil.go:77.19,79.3 1 0
feedpulse/internal/testutil/testutil.go:81.2,81.15 1 0
feedpulse/internal/testutil/testutil.go:86.60,92.72 4 0
feedpulse/internal/testutil/testutil.go:92.72,94.3 1 0
feedpulse/internal/testutil/testutil.go:96.2,96.19 1 0
feedpulse/internal/testutil/testutil.go:100.58,104.16 3 0
feedpulse/internal/testutil/testutil.go:104.16,106.3 1 0
feedpulse/internal/testutil/testutil.go:108.2,108.13 1 0
feedpulse/internal/testutil/testutil.go:112.63,115.16 2 0
feedpulse/internal/testutil/testutil.go:115.16,117.3 1 0
feedpulse/internal/testutil/testutil.go:119.2,119.62 1 0
feedpulse/internal/testutil/testutil.go:119.62,121.3 1 0
feedpulse/internal/testutil/testutil.go:125.45,128.16 2 0
feedpulse/internal/testutil/testutil.go:128.16,130.3 1 0
feedpulse/internal/testutil/testutil.go:134.55,137.17 2 0
feedpulse/internal/testutil/testutil.go:137.17,139.3 1 0
feedpulse/internal/testutil/testutil.go:143.61,146.20 2 0
feedpulse/internal/testutil/testutil.go:146.20,148.3 1 0
feedpulse/internal/testutil/testutil.go:152.63,155.16 2 0
feedpulse/internal/testutil/testutil.go:155.16,157.3 1 0
feedpulse/internal/testutil/testutil.go:161.64,164.15 2 0
feedpulse/internal/testutil/testutil.go:164.15,166.3 1 0
feedpulse/internal/testutil/testutil.go:170.38,173.2 1 0
feedpulse/internal/testutil/testutil.go:175.44,176.43 1 0
feedpulse/internal/testutil/testutil.go:176.43,177.35 1 0
feedpulse/internal/testutil/testutil.go:177.35,179.4 1 0
feedpulse/internal/testutil/testutil.go:181.2,181.14 1 0
feedpulse/internal/testutil/testutil.go:185.36,187.2 1 0
feedpulse/internal/testutil/testutil.go:190.32,201.2 1 0
feedpulse/internal/testutil/testutil.go:204.32,219.2 1 0
feedpulse/internal/testutil/testutil.go:222.34,232.2 1 0
